# JRE version: Java(TM) SE Runtime Environment (8.0_162-b12) (build 1.8.0_162-b12)
# Java VM: Java HotSpot(TM) 64-Bit Server VM (25.162-b12 mixed mode windows-amd64 compressed oops)
Heap:
 PSYoungGen      total 477184K, used 149458K [0x00000000e0980000, 0x00000000fef80000, 0x0000000100000000)
  eden space 456704K, 32% used [0x00000000e0980000,0x00000000e9b74a70,0x00000000fc780000)
  from space 20480K, 0% used [0x00000000fc780000,0x00000000fc780000,0x00000000fdb80000)
  to   space 20480K, 0% used [0x00000000fdb80000,0x00000000fdb80000,0x00000000fef80000)
 ParOldGen       total 77824K, used 19086K [0x00000000a1c00000, 0x00000000a6800000, 0x00000000e0980000)
  object space 77824K, 24% used [0x00000000a1c00000,0x00000000a2ea39f0,0x00000000a6800000)
 Metaspace       used 68747K, capacity 72997K, committed 73176K, reserved 1112064K
  class space    used 9215K, capacity 9930K, committed 9984K, reserved 1048576K
GC Heap History (10 events):
Event: 166.564 GC heap before
{Heap before GC invocations=16 (full 4):
 PSYoungGen      total 357376K, used 12962K [0x00000000e0980000, 0x00000000f8780000, 0x0000000100000000)
  eden space 344064K, 0% used [0x00000000e0980000,0x00000000e0980000,0x00000000f5980000)
  from space 13312K, 97% used [0x00000000f7a80000,0x00000000f87289f0,0x00000000f8780000)
  to   space 20480K, 0% used [0x00000000f5f80000,0x00000000f5f80000,0x00000000f7380000)
 ParOldGen       total 77824K, used 23077K [0x00000000a1c00000, 0x00000000a6800000, 0x00000000e0980000)
  object space 77824K, 29% used [0x00000000a1c00000,0x00000000a3289798,0x00000000a6800000)
 Metaspace       used 66484K, capacity 70293K, committed 70488K, reserved 1110016K
  class space    used 9093K, capacity 9770K, committed 9856K, reserved 1048576K
Event: 166.840 GC heap after
Heap after GC invocations=16 (full 4):
 PSYoungGen      total 357376K, used 0K [0x00000000e0980000, 0x00000000f8780000, 0x0000000100000000)
  eden space 344064K, 0% used [0x00000000e0980000,0x00000000e0980000,0x00000000f5980000)
  from space 13312K, 0% used [0x00000000f7a80000,0x00000000f7a80000,0x00000000f8780000)
  to   space 20480K, 0% used [0x00000000f5f80000,0x00000000f5f80000,0x00000000f7380000)
 ParOldGen       total 77824K, used 29947K [0x00000000a1c00000, 0x00000000a6800000, 0x00000000e0980000)
  object space 77824K, 38% used [0x00000000a1c00000,0x00000000a393eee0,0x00000000a6800000)
 Metaspace       used 66484K, capacity 70293K, committed 70488K, reserved 1110016K
  class space    used 9093K, capacity 9770K, committed 9856K, reserved 1048576K
}
Event: 974.293 GC heap before
{Heap before GC invocations=17 (full 4):
 PSYoungGen      total 357376K, used 344064K [0x00000000e0980000, 0x00000000f8780000, 0x0000000100000000)
  eden space 344064K, 100% used [0x00000000e0980000,0x00000000f5980000,0x00000000f5980000)
  from space 13312K, 0% used [0x00000000f7a80000,0x00000000f7a80000,0x00000000f8780000)
  to   space 20480K, 0% used [0x00000000f5f80000,0x00000000f5f80000,0x00000000f7380000)
 ParOldGen       total 77824K, used 29947K [0x00000000a1c00000, 0x00000000a6800000, 0x00000000e0980000)
  object space 77824K, 38% used [0x00000000a1c00000,0x00000000a393eee0,0x00000000a6800000)
 Metaspace       used 68442K, capacity 72615K, committed 72920K, reserved 1112064K
  class space    used 9208K, capacity 9921K, committed 9984K, reserved 1048576K
Event: 974.327 GC heap after
Heap after GC invocations=17 (full 4):
 PSYoungGen      total 370688K, used 11602K [0x00000000e0980000, 0x00000000ff600000, 0x0000000100000000)
  eden space 350208K, 0% used [0x00000000e0980000,0x00000000e0980000,0x00000000f5f80000)
  from space 20480K, 56% used [0x00000000f5f80000,0x00000000f6ad48f0,0x00000000f7380000)
  to   space 20480K, 0% used [0x00000000fe200000,0x00000000fe200000,0x00000000ff600000)
 ParOldGen       total 77824K, used 29955K [0x00000000a1c00000, 0x00000000a6800000, 0x00000000e0980000)
  object space 77824K, 38% used [0x00000000a1c00000,0x00000000a3940ee0,0x00000000a6800000)
 Metaspace       used 68442K, capacity 72615K, committed 72920K, reserved 1112064K
  class space    used 9208K, capacity 9921K, committed 9984K, reserved 1048576K
}
Event: 16538.255 GC heap before
{Heap before GC invocations=18 (full 4):
 PSYoungGen      total 370688K, used 361810K [0x00000000e0980000, 0x00000000ff600000, 0x0000000100000000)
  eden space 350208K, 100% used [0x00000000e0980000,0x00000000f5f80000,0x00000000f5f80000)
  from space 20480K, 56% used [0x00000000f5f80000,0x00000000f6ad48f0,0x00000000f7380000)
  to   space 20480K, 0% used [0x00000000fe200000,0x00000000fe200000,0x00000000ff600000)
 ParOldGen       total 77824K, used 29955K [0x00000000a1c00000, 0x00000000a6800000, 0x00000000e0980000)
  object space 77824K, 38% used [0x00000000a1c00000,0x00000000a3940ee0,0x00000000a6800000)
 Metaspace       used 68508K, capacity 72679K, committed 72920K, reserved 1112064K
  class space    used 9209K, capacity 9921K, committed 9984K, reserved 1048576K
Event: 16538.278 GC heap after
Heap after GC invocations=18 (full 4):
 PSYoungGen      total 470528K, used 1088K [0x00000000e0980000, 0x00000000fef80000, 0x0000000100000000)
  eden space 456704K, 0% used [0x00000000e0980000,0x00000000e0980000,0x00000000fc780000)
  from space 13824K, 7% used [0x00000000fe200000,0x00000000fe310180,0x00000000fef80000)
  to   space 20480K, 0% used [0x00000000fc780000,0x00000000fc780000,0x00000000fdb80000)
 ParOldGen       total 77824K, used 37142K [0x00000000a1c00000, 0x00000000a6800000, 0x00000000e0980000)
  object space 77824K, 47% used [0x00000000a1c00000,0x00000000a4045880,0x00000000a6800000)
 Metaspace       used 68508K, capacity 72679K, committed 72920K, reserved 1112064K
  class space    used 9209K, capacity 9921K, committed 9984K, reserved 1048576K
}
Event: 17805.852 GC heap before
{Heap before GC invocations=19 (full 4):
 PSYoungGen      total 470528K, used 159464K [0x00000000e0980000, 0x00000000fef80000, 0x0000000100000000)
  eden space 456704K, 34% used [0x00000000e0980000,0x00000000ea429f10,0x00000000fc780000)
  from space 13824K, 7% used [0x00000000fe200000,0x00000000fe310180,0x00000000fef80000)
  to   space 20480K, 0% used [0x00000000fc780000,0x00000000fc780000,0x00000000fdb80000)
 ParOldGen       total 77824K, used 37142K [0x00000000a1c00000, 0x00000000a6800000, 0x00000000e0980000)
  object space 77824K, 47% used [0x00000000a1c00000,0x00000000a4045880,0x00000000a6800000)
 Metaspace       used 68533K, capacity 72685K, committed 72920K, reserved 1112064K
  class space    used 9209K, capacity 9923K, committed 9984K, reserved 1048576K
Event: 17805.857 GC heap after
Heap after GC invocations=19 (full 4):
 PSYoungGen      total 477184K, used 496K [0x00000000e0980000, 0x00000000fef80000, 0x0000000100000000)
  eden space 456704K, 0% used [0x00000000e0980000,0x00000000e0980000,0x00000000fc780000)
  from space 20480K, 2% used [0x00000000fc780000,0x00000000fc7fc090,0x00000000fdb80000)
  to   space 20480K, 0% used [0x00000000fdb80000,0x00000000fdb80000,0x00000000fef80000)
 ParOldGen       total 77824K, used 37582K [0x00000000a1c00000, 0x00000000a6800000, 0x00000000e0980000)
  object space 77824K, 48% used [0x00000000a1c00000,0x00000000a40b3920,0x00000000a6800000)
 Metaspace       used 68533K, capacity 72685K, committed 72920K, reserved 1112064K
  class space    used 9209K, capacity 9923K, committed 9984K, reserved 1048576K
}
Event: 17805.857 GC heap before
{Heap before GC invocations=20 (full 5):
 PSYoungGen      total 477184K, used 496K [0x00000000e0980000, 0x00000000fef80000, 0x0000000100000000)
  eden space 456704K, 0% used [0x00000000e0980000,0x00000000e0980000,0x00000000fc780000)
  from space 20480K, 2% used [0x00000000fc780000,0x00000000fc7fc090,0x00000000fdb80000)
  to   space 20480K, 0% used [0x00000000fdb80000,0x00000000fdb80000,0x00000000fef80000)
 ParOldGen       total 77824K, used 37582K [0x00000000a1c00000, 0x00000000a6800000, 0x00000000e0980000)
  object space 77824K, 48% used [0x00000000a1c00000,0x00000000a40b3920,0x00000000a6800000)
 Metaspace       used 68533K, capacity 72685K, committed 72920K, reserved 1112064K
  class space    used 9209K, capacity 9923K, committed 9984K, reserved 1048576K
Event: 17806.114 GC heap after
Heap after GC invocations=20 (full 5):
 PSYoungGen      total 477184K, used 0K [0x00000000e0980000, 0x00000000fef80000, 0x0000000100000000)
  eden space 456704K, 0% used [0x00000000e0980000,0x00000000e0980000,0x00000000fc780000)
  from space 20480K, 0% used [0x00000000fc780000,0x00000000fc780000,0x00000000fdb80000)
  to   space 20480K, 0% used [0x00000000fdb80000,0x00000000fdb80000,0x00000000fef80000)
 ParOldGen       total 77824K, used 19086K [0x00000000a1c00000, 0x00000000a6800000, 0x00000000e0980000)
  object space 77824K, 24% used [0x00000000a1c00000,0x00000000a2ea39f0,0x00000000a6800000)
 Metaspace       used 68263K, capacity 72251K, committed 72920K, reserved 1112064K
  class space    used 9165K, capacity 9841K, committed 9984K, reserved 1048576K
}

