-------------------------------------------------------------------------------
Test set: com.mii.server.ApplicationTests
-------------------------------------------------------------------------------
Tests run: 1, Failures: 0, Errors: 1, Skipped: 0, Time elapsed: 35.922 s <<< FAILURE! - in com.mii.server.ApplicationTests
contextLoads  Time elapsed: 0.006 s  <<< ERROR!
java.lang.IllegalStateException: Failed to load ApplicationContext
Caused by: org.springframework.beans.factory.UnsatisfiedDependencyException: Error creating bean with name 'districtController': Unsatisfied dependency expressed through field 'districtService'; nested exception is org.springframework.beans.factory.UnsatisfiedDependencyException: Error creating bean with name 'districtService': Unsatisfied dependency expressed through field 'provinceRepository'; nested exception is org.springframework.beans.factory.BeanCreationException: Error creating bean with name 'provinceRepository' defined in com.mii.server.repositories.ProvinceRepository defined in @EnableJpaRepositories declared on JpaRepositoriesRegistrar.EnableJpaRepositoriesConfiguration: Invocation of init method failed; nested exception is java.lang.IllegalArgumentException: Failed to create query for method public abstract int com.mii.server.repositories.ProvinceRepository.existById(java.lang.String)! No property existById found for type Provinces!
Caused by: org.springframework.beans.factory.UnsatisfiedDependencyException: Error creating bean with name 'districtService': Unsatisfied dependency expressed through field 'provinceRepository'; nested exception is org.springframework.beans.factory.BeanCreationException: Error creating bean with name 'provinceRepository' defined in com.mii.server.repositories.ProvinceRepository defined in @EnableJpaRepositories declared on JpaRepositoriesRegistrar.EnableJpaRepositoriesConfiguration: Invocation of init method failed; nested exception is java.lang.IllegalArgumentException: Failed to create query for method public abstract int com.mii.server.repositories.ProvinceRepository.existById(java.lang.String)! No property existById found for type Provinces!
Caused by: org.springframework.beans.factory.BeanCreationException: Error creating bean with name 'provinceRepository' defined in com.mii.server.repositories.ProvinceRepository defined in @EnableJpaRepositories declared on JpaRepositoriesRegistrar.EnableJpaRepositoriesConfiguration: Invocation of init method failed; nested exception is java.lang.IllegalArgumentException: Failed to create query for method public abstract int com.mii.server.repositories.ProvinceRepository.existById(java.lang.String)! No property existById found for type Provinces!
Caused by: java.lang.IllegalArgumentException: Failed to create query for method public abstract int com.mii.server.repositories.ProvinceRepository.existById(java.lang.String)! No property existById found for type Provinces!
Caused by: org.springframework.data.mapping.PropertyReferenceException: No property existById found for type Provinces!

